{"/Users/mabus/Futureproof/lap3/week3/project3-backend/src/dbConfig.js": {"path":"/Users/mabus/Futureproof/lap3/week3/project3-backend/src/dbConfig.js","statementMap":{"0":{"start":{"line":1,"column":17},"end":{"line":1,"column":30}},"1":{"start":{"line":5,"column":0},"end":{"line":12,"column":1}},"2":{"start":{"line":6,"column":2},"end":{"line":11,"column":3}},"3":{"start":{"line":14,"column":13},"end":{"line":14,"column":29}},"4":{"start":{"line":16,"column":0},"end":{"line":16,"column":21}}},"fnMap":{},"branchMap":{"0":{"loc":{"start":{"line":5,"column":0},"end":{"line":12,"column":1}},"type":"if","locations":[{"start":{"line":5,"column":0},"end":{"line":12,"column":1}},{"start":{},"end":{}}],"line":5}},"s":{"0":1,"1":1,"2":0,"3":1,"4":1},"f":{},"b":{"0":[0,1]},"_coverageSchema":"1a1c01bbd47fc00a2c39e90264f33305004495a9","hash":"7c5890fb460abc46172426557e1e2f8a51ced9f1"}
,"/Users/mabus/Futureproof/lap3/week3/project3-backend/src/server.js": {"path":"/Users/mabus/Futureproof/lap3/week3/project3-backend/src/server.js","statementMap":{"0":{"start":{"line":1,"column":16},"end":{"line":1,"column":34}},"1":{"start":{"line":2,"column":13},"end":{"line":2,"column":28}},"2":{"start":{"line":3,"column":13},"end":{"line":3,"column":28}},"3":{"start":{"line":4,"column":13},"end":{"line":4,"column":28}},"4":{"start":{"line":6,"column":12},"end":{"line":6,"column":21}},"5":{"start":{"line":7,"column":0},"end":{"line":7,"column":15}},"6":{"start":{"line":8,"column":0},"end":{"line":8,"column":23}},"7":{"start":{"line":11,"column":22},"end":{"line":11,"column":55}},"8":{"start":{"line":12,"column":0},"end":{"line":12,"column":38}},"9":{"start":{"line":15,"column":20},"end":{"line":15,"column":51}},"10":{"start":{"line":16,"column":0},"end":{"line":16,"column":31}},"11":{"start":{"line":18,"column":15},"end":{"line":18,"column":37}},"12":{"start":{"line":20,"column":0},"end":{"line":20,"column":23}}},"fnMap":{},"branchMap":{},"s":{"0":1,"1":1,"2":1,"3":1,"4":1,"5":1,"6":1,"7":1,"8":1,"9":1,"10":1,"11":1,"12":1},"f":{},"b":{},"_coverageSchema":"1a1c01bbd47fc00a2c39e90264f33305004495a9","hash":"3b1c4b6bc02314e06f86865f2b468d4d3ef86be8"}
,"/Users/mabus/Futureproof/lap3/week3/project3-backend/src/api/trivia.js": {"path":"/Users/mabus/Futureproof/lap3/week3/project3-backend/src/api/trivia.js","statementMap":{"0":{"start":{"line":1,"column":14},"end":{"line":1,"column":30}},"1":{"start":{"line":3,"column":21},"end":{"line":16,"column":1}},"2":{"start":{"line":8,"column":14},"end":{"line":8,"column":120}},"3":{"start":{"line":10,"column":2},"end":{"line":15,"column":3}},"4":{"start":{"line":11,"column":17},"end":{"line":11,"column":33}},"5":{"start":{"line":12,"column":4},"end":{"line":12,"column":15}},"6":{"start":{"line":14,"column":4},"end":{"line":14,"column":49}},"7":{"start":{"line":18,"column":0},"end":{"line":18,"column":29}}},"fnMap":{"0":{"name":"(anonymous_0)","decl":{"start":{"line":3,"column":21},"end":{"line":3,"column":22}},"loc":{"start":{"line":7,"column":5},"end":{"line":16,"column":1}},"line":7}},"branchMap":{"0":{"loc":{"start":{"line":4,"column":2},"end":{"line":4,"column":16}},"type":"default-arg","locations":[{"start":{"line":4,"column":13},"end":{"line":4,"column":16}}],"line":4},"1":{"loc":{"start":{"line":5,"column":2},"end":{"line":5,"column":23}},"type":"default-arg","locations":[{"start":{"line":5,"column":15},"end":{"line":5,"column":23}}],"line":5},"2":{"loc":{"start":{"line":6,"column":2},"end":{"line":6,"column":15}},"type":"default-arg","locations":[{"start":{"line":6,"column":11},"end":{"line":6,"column":15}}],"line":6}},"s":{"0":1,"1":1,"2":0,"3":0,"4":0,"5":0,"6":0,"7":1},"f":{"0":0},"b":{"0":[0],"1":[0],"2":[0]},"_coverageSchema":"1a1c01bbd47fc00a2c39e90264f33305004495a9","hash":"cda682daafe4b50f384b695cadf698e3d590d996"}
,"/Users/mabus/Futureproof/lap3/week3/project3-backend/src/controllers/scores.js": {"path":"/Users/mabus/Futureproof/lap3/week3/project3-backend/src/controllers/scores.js","statementMap":{"0":{"start":{"line":1,"column":16},"end":{"line":1,"column":34}},"1":{"start":{"line":2,"column":15},"end":{"line":2,"column":31}},"2":{"start":{"line":4,"column":13},"end":{"line":4,"column":38}},"3":{"start":{"line":6,"column":0},"end":{"line":14,"column":2}},"4":{"start":{"line":7,"column":2},"end":{"line":13,"column":3}},"5":{"start":{"line":8,"column":24},"end":{"line":8,"column":51}},"6":{"start":{"line":10,"column":4},"end":{"line":10,"column":25}},"7":{"start":{"line":12,"column":4},"end":{"line":12,"column":24}},"8":{"start":{"line":16,"column":0},"end":{"line":16,"column":23}}},"fnMap":{"0":{"name":"(anonymous_0)","decl":{"start":{"line":6,"column":16},"end":{"line":6,"column":17}},"loc":{"start":{"line":6,"column":36},"end":{"line":14,"column":1}},"line":6}},"branchMap":{},"s":{"0":1,"1":1,"2":1,"3":1,"4":0,"5":0,"6":0,"7":0,"8":1},"f":{"0":0},"b":{},"_coverageSchema":"1a1c01bbd47fc00a2c39e90264f33305004495a9","hash":"89075a87ed58093c007b23ba44775a420392420d"}
,"/Users/mabus/Futureproof/lap3/week3/project3-backend/src/models/game.js": {"path":"/Users/mabus/Futureproof/lap3/week3/project3-backend/src/models/game.js","statementMap":{"0":{"start":{"line":1,"column":11},"end":{"line":1,"column":33}},"1":{"start":{"line":2,"column":21},"end":{"line":2,"column":45}},"2":{"start":{"line":6,"column":4},"end":{"line":6,"column":28}},"3":{"start":{"line":7,"column":4},"end":{"line":7,"column":42}},"4":{"start":{"line":8,"column":4},"end":{"line":8,"column":32}},"5":{"start":{"line":9,"column":4},"end":{"line":9,"column":27}},"6":{"start":{"line":10,"column":4},"end":{"line":10,"column":20}},"7":{"start":{"line":13,"column":22},"end":{"line":13,"column":23}},"8":{"start":{"line":14,"column":19},"end":{"line":14,"column":21}},"9":{"start":{"line":17,"column":21},"end":{"line":17,"column":70}},"10":{"start":{"line":17,"column":53},"end":{"line":17,"column":69}},"11":{"start":{"line":18,"column":4},"end":{"line":18,"column":27}},"12":{"start":{"line":22,"column":4},"end":{"line":36,"column":6}},"13":{"start":{"line":23,"column":6},"end":{"line":35,"column":7}},"14":{"start":{"line":24,"column":20},"end":{"line":24,"column":30}},"15":{"start":{"line":25,"column":26},"end":{"line":25,"column":60}},"16":{"start":{"line":26,"column":30},"end":{"line":29,"column":9}},"17":{"start":{"line":31,"column":26},"end":{"line":31,"column":59}},"18":{"start":{"line":32,"column":8},"end":{"line":32,"column":26}},"19":{"start":{"line":34,"column":8},"end":{"line":34,"column":42}},"20":{"start":{"line":40,"column":4},"end":{"line":49,"column":6}},"21":{"start":{"line":41,"column":6},"end":{"line":48,"column":7}},"22":{"start":{"line":42,"column":28},"end":{"line":44,"column":9}},"23":{"start":{"line":45,"column":8},"end":{"line":45,"column":28}},"24":{"start":{"line":47,"column":8},"end":{"line":47,"column":46}},"25":{"start":{"line":53,"column":4},"end":{"line":60,"column":5}},"26":{"start":{"line":54,"column":23},"end":{"line":54,"column":55}},"27":{"start":{"line":55,"column":6},"end":{"line":55,"column":20}},"28":{"start":{"line":56,"column":6},"end":{"line":56,"column":58}},"29":{"start":{"line":57,"column":6},"end":{"line":57,"column":21}},"30":{"start":{"line":59,"column":6},"end":{"line":59,"column":17}},"31":{"start":{"line":64,"column":4},"end":{"line":69,"column":5}},"32":{"start":{"line":65,"column":19},"end":{"line":65,"column":76}},"33":{"start":{"line":66,"column":6},"end":{"line":66,"column":44}},"34":{"start":{"line":68,"column":6},"end":{"line":68,"column":33}},"35":{"start":{"line":73,"column":0},"end":{"line":73,"column":21}}},"fnMap":{"0":{"name":"(anonymous_0)","decl":{"start":{"line":5,"column":2},"end":{"line":5,"column":3}},"loc":{"start":{"line":5,"column":73},"end":{"line":11,"column":3}},"line":5},"1":{"name":"(anonymous_1)","decl":{"start":{"line":16,"column":2},"end":{"line":16,"column":3}},"loc":{"start":{"line":16,"column":34},"end":{"line":19,"column":3}},"line":16},"2":{"name":"(anonymous_2)","decl":{"start":{"line":17,"column":41},"end":{"line":17,"column":42}},"loc":{"start":{"line":17,"column":53},"end":{"line":17,"column":69}},"line":17},"3":{"name":"(anonymous_3)","decl":{"start":{"line":21,"column":2},"end":{"line":21,"column":3}},"loc":{"start":{"line":21,"column":49},"end":{"line":37,"column":3}},"line":21},"4":{"name":"(anonymous_4)","decl":{"start":{"line":22,"column":23},"end":{"line":22,"column":24}},"loc":{"start":{"line":22,"column":50},"end":{"line":36,"column":5}},"line":22},"5":{"name":"(anonymous_5)","decl":{"start":{"line":39,"column":2},"end":{"line":39,"column":3}},"loc":{"start":{"line":39,"column":26},"end":{"line":50,"column":3}},"line":39},"6":{"name":"(anonymous_6)","decl":{"start":{"line":40,"column":23},"end":{"line":40,"column":24}},"loc":{"start":{"line":40,"column":50},"end":{"line":49,"column":5}},"line":40},"7":{"name":"(anonymous_7)","decl":{"start":{"line":52,"column":2},"end":{"line":52,"column":3}},"loc":{"start":{"line":52,"column":17},"end":{"line":61,"column":3}},"line":52},"8":{"name":"(anonymous_8)","decl":{"start":{"line":63,"column":2},"end":{"line":63,"column":3}},"loc":{"start":{"line":63,"column":62},"end":{"line":70,"column":3}},"line":63}},"branchMap":{"0":{"loc":{"start":{"line":5,"column":14},"end":{"line":5,"column":26}},"type":"default-arg","locations":[{"start":{"line":5,"column":25},"end":{"line":5,"column":26}}],"line":5},"1":{"loc":{"start":{"line":5,"column":28},"end":{"line":5,"column":48}},"type":"default-arg","locations":[{"start":{"line":5,"column":46},"end":{"line":5,"column":48}}],"line":5},"2":{"loc":{"start":{"line":5,"column":50},"end":{"line":5,"column":71}},"type":"default-arg","locations":[{"start":{"line":5,"column":63},"end":{"line":5,"column":71}}],"line":5},"3":{"loc":{"start":{"line":53,"column":4},"end":{"line":60,"column":5}},"type":"if","locations":[{"start":{"line":53,"column":4},"end":{"line":60,"column":5}},{"start":{"line":58,"column":11},"end":{"line":60,"column":5}}],"line":53},"4":{"loc":{"start":{"line":53,"column":8},"end":{"line":53,"column":76}},"type":"binary-expr","locations":[{"start":{"line":53,"column":8},"end":{"line":53,"column":37}},{"start":{"line":53,"column":41},"end":{"line":53,"column":76}}],"line":53}},"s":{"0":1,"1":1,"2":0,"3":0,"4":0,"5":0,"6":0,"7":1,"8":1,"9":0,"10":0,"11":0,"12":0,"13":0,"14":0,"15":0,"16":0,"17":0,"18":0,"19":0,"20":0,"21":0,"22":0,"23":0,"24":0,"25":0,"26":0,"27":0,"28":0,"29":0,"30":0,"31":0,"32":0,"33":0,"34":0,"35":1},"f":{"0":0,"1":0,"2":0,"3":0,"4":0,"5":0,"6":0,"7":0,"8":0},"b":{"0":[0],"1":[0],"2":[0],"3":[0,0],"4":[0,0]},"_coverageSchema":"1a1c01bbd47fc00a2c39e90264f33305004495a9","hash":"d167894ef59239aaf3747ba6ed6684824f0c645e"}
}
