{"/code/src/dbConfig.js": {"path":"/code/src/dbConfig.js","statementMap":{"0":{"start":{"line":1,"column":17},"end":{"line":1,"column":30}},"1":{"start":{"line":5,"column":0},"end":{"line":12,"column":1}},"2":{"start":{"line":6,"column":2},"end":{"line":11,"column":3}},"3":{"start":{"line":14,"column":13},"end":{"line":14,"column":29}},"4":{"start":{"line":16,"column":0},"end":{"line":16,"column":21}}},"fnMap":{},"branchMap":{"0":{"loc":{"start":{"line":5,"column":0},"end":{"line":12,"column":1}},"type":"if","locations":[{"start":{"line":5,"column":0},"end":{"line":12,"column":1}},{"start":{},"end":{}}],"line":5}},"s":{"0":5,"1":5,"2":0,"3":5,"4":5},"f":{},"b":{"0":[0,5]},"_coverageSchema":"1a1c01bbd47fc00a2c39e90264f33305004495a9","hash":"6df775fe322b83380a2d39fa2a9f95dbfb671d1d"}
,"/code/src/server.js": {"path":"/code/src/server.js","statementMap":{"0":{"start":{"line":1,"column":16},"end":{"line":1,"column":34}},"1":{"start":{"line":2,"column":13},"end":{"line":2,"column":28}},"2":{"start":{"line":3,"column":13},"end":{"line":3,"column":28}},"3":{"start":{"line":4,"column":13},"end":{"line":4,"column":28}},"4":{"start":{"line":6,"column":12},"end":{"line":6,"column":21}},"5":{"start":{"line":7,"column":0},"end":{"line":7,"column":15}},"6":{"start":{"line":8,"column":0},"end":{"line":8,"column":23}},"7":{"start":{"line":11,"column":22},"end":{"line":11,"column":55}},"8":{"start":{"line":12,"column":0},"end":{"line":12,"column":38}},"9":{"start":{"line":15,"column":20},"end":{"line":15,"column":51}},"10":{"start":{"line":16,"column":0},"end":{"line":16,"column":31}},"11":{"start":{"line":18,"column":15},"end":{"line":18,"column":37}},"12":{"start":{"line":20,"column":0},"end":{"line":20,"column":23}}},"fnMap":{},"branchMap":{},"s":{"0":5,"1":5,"2":5,"3":5,"4":5,"5":5,"6":5,"7":5,"8":5,"9":5,"10":5,"11":5,"12":5},"f":{},"b":{},"_coverageSchema":"1a1c01bbd47fc00a2c39e90264f33305004495a9","hash":"40f40aea9ba39f9ba5197bcd61095ebe95ae3519"}
,"/code/src/api/trivia.js": {"path":"/code/src/api/trivia.js","statementMap":{"0":{"start":{"line":1,"column":14},"end":{"line":1,"column":30}},"1":{"start":{"line":3,"column":21},"end":{"line":12,"column":1}},"2":{"start":{"line":4,"column":14},"end":{"line":4,"column":120}},"3":{"start":{"line":6,"column":2},"end":{"line":11,"column":3}},"4":{"start":{"line":7,"column":17},"end":{"line":7,"column":33}},"5":{"start":{"line":8,"column":4},"end":{"line":8,"column":15}},"6":{"start":{"line":10,"column":4},"end":{"line":10,"column":49}},"7":{"start":{"line":14,"column":0},"end":{"line":14,"column":29}}},"fnMap":{"0":{"name":"(anonymous_0)","decl":{"start":{"line":3,"column":21},"end":{"line":3,"column":22}},"loc":{"start":{"line":3,"column":61},"end":{"line":12,"column":1}},"line":3}},"branchMap":{},"s":{"0":5,"1":5,"2":2,"3":2,"4":2,"5":2,"6":0,"7":5},"f":{"0":2},"b":{},"_coverageSchema":"1a1c01bbd47fc00a2c39e90264f33305004495a9","hash":"cf54f9e380c691476f29f16a3b4fbe0662df7efd"}
,"/code/src/controllers/scores.js": {"path":"/code/src/controllers/scores.js","statementMap":{"0":{"start":{"line":1,"column":16},"end":{"line":1,"column":34}},"1":{"start":{"line":2,"column":15},"end":{"line":2,"column":31}},"2":{"start":{"line":4,"column":13},"end":{"line":4,"column":38}},"3":{"start":{"line":6,"column":0},"end":{"line":14,"column":2}},"4":{"start":{"line":7,"column":2},"end":{"line":13,"column":3}},"5":{"start":{"line":8,"column":24},"end":{"line":8,"column":51}},"6":{"start":{"line":10,"column":4},"end":{"line":10,"column":25}},"7":{"start":{"line":12,"column":4},"end":{"line":12,"column":24}},"8":{"start":{"line":16,"column":0},"end":{"line":16,"column":23}}},"fnMap":{"0":{"name":"(anonymous_0)","decl":{"start":{"line":6,"column":16},"end":{"line":6,"column":17}},"loc":{"start":{"line":6,"column":36},"end":{"line":14,"column":1}},"line":6}},"branchMap":{},"s":{"0":5,"1":5,"2":5,"3":5,"4":2,"5":2,"6":2,"7":0,"8":5},"f":{"0":2},"b":{},"_coverageSchema":"1a1c01bbd47fc00a2c39e90264f33305004495a9","hash":"61e2263fe4c0cd93b275b00f992c6114978c2a07"}
,"/code/src/models/game.js": {"path":"/code/src/models/game.js","statementMap":{"0":{"start":{"line":1,"column":11},"end":{"line":1,"column":33}},"1":{"start":{"line":2,"column":21},"end":{"line":2,"column":45}},"2":{"start":{"line":6,"column":4},"end":{"line":6,"column":28}},"3":{"start":{"line":7,"column":4},"end":{"line":7,"column":42}},"4":{"start":{"line":8,"column":4},"end":{"line":8,"column":32}},"5":{"start":{"line":9,"column":4},"end":{"line":9,"column":27}},"6":{"start":{"line":10,"column":4},"end":{"line":10,"column":20}},"7":{"start":{"line":13,"column":22},"end":{"line":13,"column":23}},"8":{"start":{"line":14,"column":19},"end":{"line":14,"column":21}},"9":{"start":{"line":17,"column":21},"end":{"line":17,"column":70}},"10":{"start":{"line":17,"column":53},"end":{"line":17,"column":69}},"11":{"start":{"line":18,"column":4},"end":{"line":18,"column":27}},"12":{"start":{"line":22,"column":4},"end":{"line":36,"column":6}},"13":{"start":{"line":23,"column":6},"end":{"line":35,"column":7}},"14":{"start":{"line":24,"column":20},"end":{"line":24,"column":30}},"15":{"start":{"line":25,"column":26},"end":{"line":25,"column":60}},"16":{"start":{"line":26,"column":30},"end":{"line":29,"column":9}},"17":{"start":{"line":31,"column":26},"end":{"line":31,"column":59}},"18":{"start":{"line":32,"column":8},"end":{"line":32,"column":26}},"19":{"start":{"line":34,"column":8},"end":{"line":34,"column":42}},"20":{"start":{"line":40,"column":4},"end":{"line":50,"column":6}},"21":{"start":{"line":41,"column":6},"end":{"line":49,"column":7}},"22":{"start":{"line":42,"column":28},"end":{"line":44,"column":9}},"23":{"start":{"line":46,"column":8},"end":{"line":46,"column":28}},"24":{"start":{"line":48,"column":8},"end":{"line":48,"column":46}},"25":{"start":{"line":54,"column":4},"end":{"line":56,"column":5}},"26":{"start":{"line":55,"column":6},"end":{"line":55,"column":31}},"27":{"start":{"line":60,"column":4},"end":{"line":65,"column":6}},"28":{"start":{"line":61,"column":6},"end":{"line":63,"column":7}},"29":{"start":{"line":62,"column":8},"end":{"line":62,"column":37}},"30":{"start":{"line":64,"column":6},"end":{"line":64,"column":37}},"31":{"start":{"line":66,"column":4},"end":{"line":66,"column":43}},"32":{"start":{"line":70,"column":4},"end":{"line":77,"column":5}},"33":{"start":{"line":71,"column":23},"end":{"line":71,"column":55}},"34":{"start":{"line":72,"column":6},"end":{"line":72,"column":20}},"35":{"start":{"line":74,"column":6},"end":{"line":74,"column":21}},"36":{"start":{"line":76,"column":6},"end":{"line":76,"column":17}},"37":{"start":{"line":84,"column":4},"end":{"line":93,"column":5}},"38":{"start":{"line":85,"column":19},"end":{"line":89,"column":7}},"39":{"start":{"line":90,"column":6},"end":{"line":90,"column":44}},"40":{"start":{"line":92,"column":6},"end":{"line":92,"column":33}},"41":{"start":{"line":97,"column":0},"end":{"line":97,"column":21}}},"fnMap":{"0":{"name":"(anonymous_0)","decl":{"start":{"line":5,"column":2},"end":{"line":5,"column":3}},"loc":{"start":{"line":5,"column":73},"end":{"line":11,"column":3}},"line":5},"1":{"name":"(anonymous_1)","decl":{"start":{"line":16,"column":2},"end":{"line":16,"column":3}},"loc":{"start":{"line":16,"column":34},"end":{"line":19,"column":3}},"line":16},"2":{"name":"(anonymous_2)","decl":{"start":{"line":17,"column":41},"end":{"line":17,"column":42}},"loc":{"start":{"line":17,"column":53},"end":{"line":17,"column":69}},"line":17},"3":{"name":"(anonymous_3)","decl":{"start":{"line":21,"column":2},"end":{"line":21,"column":3}},"loc":{"start":{"line":21,"column":49},"end":{"line":37,"column":3}},"line":21},"4":{"name":"(anonymous_4)","decl":{"start":{"line":22,"column":23},"end":{"line":22,"column":24}},"loc":{"start":{"line":22,"column":50},"end":{"line":36,"column":5}},"line":22},"5":{"name":"(anonymous_5)","decl":{"start":{"line":39,"column":2},"end":{"line":39,"column":3}},"loc":{"start":{"line":39,"column":26},"end":{"line":51,"column":3}},"line":39},"6":{"name":"(anonymous_6)","decl":{"start":{"line":40,"column":23},"end":{"line":40,"column":24}},"loc":{"start":{"line":40,"column":50},"end":{"line":50,"column":5}},"line":40},"7":{"name":"(anonymous_7)","decl":{"start":{"line":53,"column":2},"end":{"line":53,"column":3}},"loc":{"start":{"line":53,"column":21},"end":{"line":57,"column":3}},"line":53},"8":{"name":"(anonymous_8)","decl":{"start":{"line":59,"column":2},"end":{"line":59,"column":3}},"loc":{"start":{"line":59,"column":40},"end":{"line":67,"column":3}},"line":59},"9":{"name":"(anonymous_9)","decl":{"start":{"line":60,"column":25},"end":{"line":60,"column":26}},"loc":{"start":{"line":60,"column":37},"end":{"line":65,"column":5}},"line":60},"10":{"name":"(anonymous_10)","decl":{"start":{"line":69,"column":2},"end":{"line":69,"column":3}},"loc":{"start":{"line":69,"column":17},"end":{"line":78,"column":3}},"line":69},"11":{"name":"(anonymous_11)","decl":{"start":{"line":80,"column":2},"end":{"line":80,"column":3}},"loc":{"start":{"line":80,"column":25},"end":{"line":94,"column":3}},"line":80}},"branchMap":{"0":{"loc":{"start":{"line":5,"column":14},"end":{"line":5,"column":26}},"type":"default-arg","locations":[{"start":{"line":5,"column":25},"end":{"line":5,"column":26}}],"line":5},"1":{"loc":{"start":{"line":5,"column":28},"end":{"line":5,"column":48}},"type":"default-arg","locations":[{"start":{"line":5,"column":46},"end":{"line":5,"column":48}}],"line":5},"2":{"loc":{"start":{"line":5,"column":50},"end":{"line":5,"column":71}},"type":"default-arg","locations":[{"start":{"line":5,"column":63},"end":{"line":5,"column":71}}],"line":5},"3":{"loc":{"start":{"line":54,"column":4},"end":{"line":56,"column":5}},"type":"if","locations":[{"start":{"line":54,"column":4},"end":{"line":56,"column":5}},{"start":{},"end":{}}],"line":54},"4":{"loc":{"start":{"line":61,"column":6},"end":{"line":63,"column":7}},"type":"if","locations":[{"start":{"line":61,"column":6},"end":{"line":63,"column":7}},{"start":{},"end":{}}],"line":61},"5":{"loc":{"start":{"line":70,"column":4},"end":{"line":77,"column":5}},"type":"if","locations":[{"start":{"line":70,"column":4},"end":{"line":77,"column":5}},{"start":{"line":75,"column":11},"end":{"line":77,"column":5}}],"line":70},"6":{"loc":{"start":{"line":70,"column":8},"end":{"line":70,"column":76}},"type":"binary-expr","locations":[{"start":{"line":70,"column":8},"end":{"line":70,"column":37}},{"start":{"line":70,"column":41},"end":{"line":70,"column":76}}],"line":70}},"s":{"0":5,"1":5,"2":1,"3":1,"4":1,"5":1,"6":1,"7":5,"8":5,"9":2,"10":4,"11":2,"12":0,"13":0,"14":0,"15":0,"16":0,"17":0,"18":0,"19":0,"20":2,"21":2,"22":2,"23":2,"24":0,"25":2,"26":2,"27":0,"28":0,"29":0,"30":0,"31":0,"32":2,"33":2,"34":2,"35":2,"36":0,"37":0,"38":0,"39":0,"40":0,"41":5},"f":{"0":1,"1":2,"2":4,"3":0,"4":0,"5":2,"6":2,"7":2,"8":0,"9":0,"10":2,"11":0},"b":{"0":[1],"1":[1],"2":[1],"3":[2,0],"4":[0,0],"5":[2,0],"6":[2,2]},"_coverageSchema":"1a1c01bbd47fc00a2c39e90264f33305004495a9","hash":"0000db7a7a243407960f652c4938583989954ccd"}
,"/code/src/models/player.js": {"path":"/code/src/models/player.js","statementMap":{"0":{"start":{"line":3,"column":4},"end":{"line":3,"column":16}},"1":{"start":{"line":4,"column":4},"end":{"line":4,"column":20}},"2":{"start":{"line":5,"column":4},"end":{"line":5,"column":18}},"3":{"start":{"line":9,"column":4},"end":{"line":9,"column":52}},"4":{"start":{"line":10,"column":4},"end":{"line":10,"column":21}},"5":{"start":{"line":14,"column":4},"end":{"line":14,"column":52}},"6":{"start":{"line":15,"column":4},"end":{"line":15,"column":63}},"7":{"start":{"line":16,"column":4},"end":{"line":16,"column":31}},"8":{"start":{"line":20,"column":4},"end":{"line":20,"column":18}},"9":{"start":{"line":24,"column":4},"end":{"line":24,"column":49}},"10":{"start":{"line":25,"column":4},"end":{"line":25,"column":20}},"11":{"start":{"line":29,"column":0},"end":{"line":29,"column":23}}},"fnMap":{"0":{"name":"(anonymous_0)","decl":{"start":{"line":2,"column":2},"end":{"line":2,"column":3}},"loc":{"start":{"line":2,"column":24},"end":{"line":6,"column":3}},"line":2},"1":{"name":"(anonymous_1)","decl":{"start":{"line":8,"column":2},"end":{"line":8,"column":3}},"loc":{"start":{"line":8,"column":19},"end":{"line":11,"column":3}},"line":8},"2":{"name":"(anonymous_2)","decl":{"start":{"line":13,"column":2},"end":{"line":13,"column":3}},"loc":{"start":{"line":13,"column":39},"end":{"line":17,"column":3}},"line":13},"3":{"name":"(anonymous_3)","decl":{"start":{"line":19,"column":2},"end":{"line":19,"column":3}},"loc":{"start":{"line":19,"column":21},"end":{"line":21,"column":3}},"line":19},"4":{"name":"(anonymous_4)","decl":{"start":{"line":23,"column":2},"end":{"line":23,"column":3}},"loc":{"start":{"line":23,"column":25},"end":{"line":26,"column":3}},"line":23}},"branchMap":{},"s":{"0":9,"1":9,"2":9,"3":3,"4":3,"5":1,"6":1,"7":1,"8":1,"9":1,"10":1,"11":3},"f":{"0":9,"1":3,"2":1,"3":1,"4":1},"b":{},"_coverageSchema":"1a1c01bbd47fc00a2c39e90264f33305004495a9","hash":"16c26d3dea61553a0e98330f87ee4231bd4cdc2c"}
}
