TN:
SF:src/dbConfig.js
FNF:0
FNH:0
DA:1,5
DA:5,5
DA:6,0
DA:14,5
DA:16,5
LF:5
LH:4
BRDA:5,0,0,0
BRDA:5,0,1,5
BRF:2
BRH:1
end_of_record
TN:
SF:src/server.js
FNF:0
FNH:0
DA:1,5
DA:2,5
DA:3,5
DA:4,5
DA:6,5
DA:7,5
DA:8,5
DA:11,5
DA:12,5
DA:15,5
DA:16,5
DA:18,5
DA:20,5
LF:13
LH:13
BRF:0
BRH:0
end_of_record
TN:
SF:src/api/trivia.js
FN:3,(anonymous_0)
FNF:1
FNH:1
FNDA:2,(anonymous_0)
DA:1,5
DA:3,5
DA:4,2
DA:6,2
DA:7,2
DA:12,2
DA:14,0
DA:18,5
LF:8
LH:7
BRF:0
BRH:0
end_of_record
TN:
SF:src/controllers/scores.js
FN:6,(anonymous_0)
FNF:1
FNH:1
FNDA:2,(anonymous_0)
DA:1,5
DA:2,5
DA:4,5
DA:6,5
DA:7,2
DA:8,2
DA:9,2
DA:11,2
DA:13,0
DA:17,5
LF:10
LH:9
BRF:0
BRH:0
end_of_record
TN:
SF:src/models/game.js
FN:5,(anonymous_0)
FN:16,(anonymous_1)
FN:17,(anonymous_2)
FN:21,(anonymous_3)
FN:22,(anonymous_4)
FN:39,(anonymous_5)
FN:40,(anonymous_6)
FN:53,(anonymous_7)
FN:59,(anonymous_8)
FN:60,(anonymous_9)
FN:69,(anonymous_10)
FN:80,(anonymous_11)
FNF:12
FNH:9
FNDA:1,(anonymous_0)
FNDA:2,(anonymous_1)
FNDA:3,(anonymous_2)
FNDA:0,(anonymous_3)
FNDA:0,(anonymous_4)
FNDA:2,(anonymous_5)
FNDA:2,(anonymous_6)
FNDA:2,(anonymous_7)
FNDA:1,(anonymous_8)
FNDA:1,(anonymous_9)
FNDA:2,(anonymous_10)
FNDA:0,(anonymous_11)
DA:1,5
DA:2,5
DA:6,1
DA:7,1
DA:8,1
DA:9,1
DA:10,1
DA:13,5
DA:14,5
DA:17,3
DA:18,2
DA:22,0
DA:23,0
DA:24,0
DA:25,0
DA:26,0
DA:31,0
DA:32,0
DA:34,0
DA:40,2
DA:41,2
DA:42,2
DA:46,2
DA:48,0
DA:54,2
DA:55,2
DA:60,1
DA:61,1
DA:62,1
DA:64,1
DA:66,1
DA:70,2
DA:71,2
DA:72,2
DA:74,2
DA:76,0
DA:84,0
DA:85,0
DA:90,0
DA:92,0
DA:93,0
DA:94,0
DA:96,0
DA:98,0
DA:103,5
LF:45
LH:27
BRDA:5,0,0,1
BRDA:5,1,0,1
BRDA:5,2,0,1
BRDA:54,3,0,2
BRDA:54,3,1,0
BRDA:61,4,0,1
BRDA:61,4,1,0
BRDA:70,5,0,2
BRDA:70,5,1,0
BRDA:70,6,0,2
BRDA:70,6,1,2
BRF:11
BRH:8
end_of_record
TN:
SF:src/models/player.js
FN:2,(anonymous_0)
FN:8,(anonymous_1)
FN:13,(anonymous_2)
FN:19,(anonymous_3)
FN:23,(anonymous_4)
FNF:5
FNH:5
FNDA:12,(anonymous_0)
FNDA:3,(anonymous_1)
FNDA:1,(anonymous_2)
FNDA:1,(anonymous_3)
FNDA:2,(anonymous_4)
DA:3,12
DA:4,12
DA:5,12
DA:9,3
DA:10,3
DA:14,1
DA:15,1
DA:16,1
DA:20,1
DA:24,2
DA:25,2
DA:29,3
LF:12
LH:12
BRF:0
BRH:0
end_of_record
